<?xml version="1.0" encoding="UTF-8"?>
<!-- Generated by org.testng.reporters.JUnitReportReporter -->
<testsuite skipped="0" hostname="MAA-CCSFQ12" name="demo.TestNGParametersDemo" tests="1" failures="0" timestamp="07 May 2019 07:06:26 GMT" time="0.009" errors="0">
  <testcase name="test" time="0.009" classname="demo.TestNGParametersDemo"/>
</testsuite> <!-- demo.TestNGParametersDemo -->
