<?xml version="1.0" encoding="UTF-8"?>
<!-- Generated by org.testng.reporters.JUnitReportReporter -->
<testsuite skipped="0" hostname="MAA-CCSFQ12" name="guru99.SelectDateFromCalender" tests="1" failures="0" timestamp="17 Jun 2019 11:46:05 GMT" time="16.968" errors="0">
  <testcase name="testDatePicker" time="16.968" classname="guru99.SelectDateFromCalender"/>
</testsuite> <!-- guru99.SelectDateFromCalender -->
