<?xml version="1.0" encoding="UTF-8"?>
<!-- Generated by org.testng.reporters.JUnitReportReporter -->
<testsuite skipped="0" hostname="MAA-CCSFQ12" name="demo.SauceLabsDemo" tests="1" failures="0" timestamp="13 May 2019 14:20:52 GMT" time="14.341" errors="0">
  <testcase name="test" time="14.341" classname="demo.SauceLabsDemo"/>
</testsuite> <!-- demo.SauceLabsDemo -->
