<?xml version="1.0" encoding="UTF-8"?>
<!-- Generated by org.testng.reporters.JUnitReportReporter -->
<testsuite skipped="1" hostname="ANITA-SRI" name="listeners.TestNGListenerDemo2" tests="3" failures="0" timestamp="04 May 2019 17:56:15 GMT" time="0.007" errors="0">
  <testcase name="test5" time="0.003" classname="listeners.TestNGListenerDemo2"/>
  <testcase name="test4" time="0.002" classname="listeners.TestNGListenerDemo2"/>
  <testcase name="test6" time="0.002" classname="listeners.TestNGListenerDemo2">
    <skipped/>
  </testcase> <!-- test6 -->
</testsuite> <!-- listeners.TestNGListenerDemo2 -->
