<?xml version="1.0" encoding="UTF-8"?>
<!-- Generated by org.testng.reporters.JUnitReportReporter -->
<testsuite skipped="0" hostname="MAA-CCSFQ12" name="test.TestNG_Demo" tests="1" failures="0" timestamp="24 Apr 2019 10:10:51 GMT" time="7.696" errors="0">
  <testcase name="googleSearch" time="7.696" classname="test.TestNG_Demo"/>
</testsuite> <!-- test.TestNG_Demo -->
