<?xml version="1.0" encoding="UTF-8"?>
<!-- Generated by org.testng.reporters.JUnitReportReporter -->
<testsuite skipped="0" hostname="MAA-CCSFQ12" name="guru99.Ajaxdemo" tests="1" failures="0" timestamp="17 Jun 2019 11:57:08 GMT" time="1.594" errors="0">
  <testcase name="test_AjaxExample" time="1.594" classname="guru99.Ajaxdemo"/>
</testsuite> <!-- guru99.Ajaxdemo -->
