<?xml version="1.0" encoding="UTF-8"?>
<!-- Generated by org.testng.reporters.JUnitReportReporter -->
<testsuite skipped="0" hostname="MAA-CCSFQ12" name="demo.TestNGPriorityDemo" tests="3" failures="0" timestamp="06 May 2019 05:19:46 GMT" time="0.013" errors="0">
  <testcase name="two" time="0.010" classname="demo.TestNGPriorityDemo"/>
  <testcase name="one" time="0.002" classname="demo.TestNGPriorityDemo"/>
  <testcase name="three" time="0.001" classname="demo.TestNGPriorityDemo"/>
</testsuite> <!-- demo.TestNGPriorityDemo -->
