<?xml version="1.0" encoding="UTF-8"?>
<!-- Generated by org.testng.reporters.JUnitReportReporter -->
<testsuite skipped="0" hostname="MAA-CCSFQ12" name="test.ExtentReportsWithTestNG" tests="1" failures="0" timestamp="25 Apr 2019 03:50:44 GMT" time="6.979" errors="0">
  <testcase name="test" time="6.979" classname="test.ExtentReportsWithTestNG"/>
</testsuite> <!-- test.ExtentReportsWithTestNG -->
