<?xml version="1.0" encoding="UTF-8"?>
<!-- Generated by org.testng.reporters.JUnitReportReporter -->
<testsuite skipped="0" hostname="MAA-CCSFQ12" name="test.TestNG_Demo" tests="1" failures="0" timestamp="29 Apr 2019 07:21:16 GMT" time="12.138" errors="0">
  <testcase name="googleSearch" time="12.138" classname="test.TestNG_Demo"/>
</testsuite> <!-- test.TestNG_Demo -->
