<?xml version="1.0" encoding="UTF-8"?>
<!-- Generated by org.testng.reporters.JUnitReportReporter -->
<testsuite skipped="0" hostname="MAA-CCSFQ12" name="test.TestNG_Demo" tests="1" failures="0" timestamp="25 Apr 2019 05:25:04 GMT" time="7.460" errors="0">
  <testcase name="googleSearch" time="7.460" classname="test.TestNG_Demo"/>
</testsuite> <!-- test.TestNG_Demo -->
