<?xml version="1.0" encoding="UTF-8"?>
<!-- Generated by org.testng.reporters.JUnitReportReporter -->
<testsuite skipped="0" hostname="MAA-CCSFQ12" name="demo.TestNGDependencyDemo" tests="3" failures="0" timestamp="07 May 2019 12:05:25 GMT" time="0.015" errors="0">
  <testcase name="test2" time="0.009" classname="demo.TestNGDependencyDemo"/>
  <testcase name="test3" time="0.002" classname="demo.TestNGDependencyDemo"/>
  <testcase name="test1" time="0.004" classname="demo.TestNGDependencyDemo"/>
</testsuite> <!-- demo.TestNGDependencyDemo -->
