<?xml version="1.0" encoding="UTF-8"?>
<!-- Generated by org.testng.reporters.JUnitReportReporter -->
<testsuite skipped="0" hostname="ANITA-SRI" name="demo.FluentWaitDemo" tests="1" failures="0" timestamp="11 May 2019 15:00:42 GMT" time="79.451" errors="0">
  <testcase name="test" time="79.451" classname="demo.FluentWaitDemo"/>
</testsuite> <!-- demo.FluentWaitDemo -->
